2023-02-16 12:12:20,398 : INFO : test_e2e : Getting the titles
2023-02-16 12:12:20,440 : INFO : test_e2e : iphone X This is the product 
2023-02-16 12:12:20,456 : INFO : test_e2e : Samsung Note 8 This is the product 
2023-02-16 12:12:20,470 : INFO : test_e2e : Nokia Edge This is the product 
2023-02-16 12:12:20,493 : INFO : test_e2e : Blackberry This is the product 
2023-02-16 12:12:23,219 : INFO : test_e2e : Entering country name
2023-02-16 12:12:28,863 : INFO : test_e2e : Getting the alert text for assertion
2023-02-16 12:17:07,199 : INFO : test_e2e : Getting the titles
2023-02-16 12:17:07,243 : INFO : test_e2e : iphone X This is the product 
2023-02-16 12:17:07,259 : INFO : test_e2e : Samsung Note 8 This is the product 
2023-02-16 12:17:07,274 : INFO : test_e2e : Nokia Edge This is the product 
2023-02-16 12:17:07,288 : INFO : test_e2e : Blackberry This is the product 
2023-02-16 12:17:09,800 : INFO : test_e2e : Entering country name
2023-02-16 12:19:02,296 : INFO : test_e2e : Getting the titles
2023-02-16 12:19:02,336 : INFO : test_e2e : iphone X This is the product 
2023-02-16 12:19:02,356 : INFO : test_e2e : Samsung Note 8 This is the product 
2023-02-16 12:19:02,368 : INFO : test_e2e : Nokia Edge This is the product 
2023-02-16 12:19:02,383 : INFO : test_e2e : Blackberry This is the product 
2023-02-16 12:19:03,502 : INFO : test_e2e : Entering country name
2023-02-16 13:02:57,444 : INFO : test_e2e : Getting the titles
2023-02-16 13:02:57,487 : INFO : test_e2e : iphone X This is the product 
2023-02-16 13:02:57,504 : INFO : test_e2e : Samsung Note 8 This is the product 
2023-02-16 13:02:57,561 : INFO : test_e2e : Nokia Edge This is the product 
2023-02-16 13:02:57,598 : INFO : test_e2e : Blackberry This is the product 
2023-02-16 13:02:59,175 : INFO : test_e2e : Entering country name
2023-02-16 13:03:39,855 : INFO : test_e2e : Getting the titles
2023-02-16 13:03:39,904 : INFO : test_e2e : iphone X This is the product 
2023-02-16 13:03:39,921 : INFO : test_e2e : Samsung Note 8 This is the product 
2023-02-16 13:03:39,935 : INFO : test_e2e : Nokia Edge This is the product 
2023-02-16 13:03:39,960 : INFO : test_e2e : Blackberry This is the product 
2023-02-16 13:03:42,551 : INFO : test_e2e : Entering country name
2023-02-16 13:08:06,674 : INFO : test_e2e : Getting the titles
2023-02-16 13:08:06,709 : INFO : test_e2e : iphone X This is the product 
2023-02-16 13:08:06,725 : INFO : test_e2e : Samsung Note 8 This is the product 
2023-02-16 13:08:06,753 : INFO : test_e2e : Nokia Edge This is the product 
2023-02-16 13:08:06,766 : INFO : test_e2e : Blackberry This is the product 
2023-02-16 13:08:09,534 : INFO : test_e2e : Entering country name
